# JRE version: OpenJDK Runtime Environment (8.0_212-b03) (build 1.8.0_212-8u212-b03-0ubuntu1.18.04.1-b03)
# Java VM: OpenJDK 64-Bit Server VM (25.212-b03 mixed mode linux-amd64 compressed oops)
Heap:
 PSYoungGen      total 228864K, used 10539K [0x00000000d6e00000, 0x00000000e7080000, 0x0000000100000000)
  eden space 209408K, 0% used [0x00000000d6e00000,0x00000000d6e00000,0x00000000e3a80000)
  from space 19456K, 54% used [0x00000000e4a80000,0x00000000e54caf10,0x00000000e5d80000)
  to   space 16384K, 0% used [0x00000000e6080000,0x00000000e6080000,0x00000000e7080000)
 ParOldGen       total 89088K, used 27318K [0x0000000084a00000, 0x000000008a100000, 0x00000000d6e00000)
  object space 89088K, 30% used [0x0000000084a00000,0x00000000864adb88,0x000000008a100000)
 Metaspace       used 51391K, capacity 54414K, committed 54568K, reserved 1095680K
  class space    used 7118K, capacity 7666K, committed 7728K, reserved 1048576K
GC Heap History (10 events):
Event: 2.292 GC heap after
Heap after GC invocations=8 (full 1):
 PSYoungGen      total 130560K, used 9200K [0x00000000d6e00000, 0x00000000e2680000, 0x0000000100000000)
  eden space 121344K, 0% used [0x00000000d6e00000,0x00000000d6e00000,0x00000000de480000)
  from space 9216K, 99% used [0x00000000de480000,0x00000000ded7c278,0x00000000ded80000)
  to   space 11264K, 0% used [0x00000000e1b80000,0x00000000e1b80000,0x00000000e2680000)
 ParOldGen       total 55296K, used 9758K [0x0000000084a00000, 0x0000000088000000, 0x00000000d6e00000)
  object space 55296K, 17% used [0x0000000084a00000,0x0000000085387b30,0x0000000088000000)
 Metaspace       used 25043K, capacity 26116K, committed 26160K, reserved 1071104K
  class space    used 3344K, capacity 3600K, committed 3632K, reserved 1048576K
}
Event: 2.927 GC heap before
{Heap before GC invocations=9 (full 1):
 PSYoungGen      total 130560K, used 130544K [0x00000000d6e00000, 0x00000000e2680000, 0x0000000100000000)
  eden space 121344K, 100% used [0x00000000d6e00000,0x00000000de480000,0x00000000de480000)
  from space 9216K, 99% used [0x00000000de480000,0x00000000ded7c278,0x00000000ded80000)
  to   space 11264K, 0% used [0x00000000e1b80000,0x00000000e1b80000,0x00000000e2680000)
 ParOldGen       total 55296K, used 9758K [0x0000000084a00000, 0x0000000088000000, 0x00000000d6e00000)
  object space 55296K, 17% used [0x0000000084a00000,0x0000000085387b30,0x0000000088000000)
 Metaspace       used 29408K, capacity 31074K, committed 31152K, reserved 1077248K
  class space    used 3905K, capacity 4253K, committed 4272K, reserved 1048576K
Event: 2.952 GC heap after
Heap after GC invocations=9 (full 1):
 PSYoungGen      total 175616K, used 11241K [0x00000000d6e00000, 0x00000000e4880000, 0x0000000100000000)
  eden space 164352K, 0% used [0x00000000d6e00000,0x00000000d6e00000,0x00000000e0e80000)
  from space 11264K, 99% used [0x00000000e1b80000,0x00000000e267a670,0x00000000e2680000)
  to   space 13312K, 0% used [0x00000000e0e80000,0x00000000e0e80000,0x00000000e1b80000)
 ParOldGen       total 55296K, used 10682K [0x0000000084a00000, 0x0000000088000000, 0x00000000d6e00000)
  object space 55296K, 19% used [0x0000000084a00000,0x000000008546ea40,0x0000000088000000)
 Metaspace       used 29408K, capacity 31074K, committed 31152K, reserved 1077248K
  class space    used 3905K, capacity 4253K, committed 4272K, reserved 1048576K
}
Event: 3.489 GC heap before
{Heap before GC invocations=10 (full 1):
 PSYoungGen      total 175616K, used 111133K [0x00000000d6e00000, 0x00000000e4880000, 0x0000000100000000)
  eden space 164352K, 60% used [0x00000000d6e00000,0x00000000dcf8ce88,0x00000000e0e80000)
  from space 11264K, 99% used [0x00000000e1b80000,0x00000000e267a670,0x00000000e2680000)
  to   space 13312K, 0% used [0x00000000e0e80000,0x00000000e0e80000,0x00000000e1b80000)
 ParOldGen       total 55296K, used 10682K [0x0000000084a00000, 0x0000000088000000, 0x00000000d6e00000)
  object space 55296K, 19% used [0x0000000084a00000,0x000000008546ea40,0x0000000088000000)
 Metaspace       used 33697K, capacity 35424K, committed 35496K, reserved 1079296K
  class space    used 4353K, capacity 4718K, committed 4784K, reserved 1048576K
Event: 3.531 GC heap after
Heap after GC invocations=10 (full 1):
 PSYoungGen      total 177664K, used 13300K [0x00000000d6e00000, 0x00000000e7080000, 0x0000000100000000)
  eden space 164352K, 0% used [0x00000000d6e00000,0x00000000d6e00000,0x00000000e0e80000)
  from space 13312K, 99% used [0x00000000e0e80000,0x00000000e1b7d270,0x00000000e1b80000)
  to   space 16384K, 0% used [0x00000000e6080000,0x00000000e6080000,0x00000000e7080000)
 ParOldGen       total 55296K, used 13291K [0x0000000084a00000, 0x0000000088000000, 0x00000000d6e00000)
  object space 55296K, 24% used [0x0000000084a00000,0x00000000856fac10,0x0000000088000000)
 Metaspace       used 33697K, capacity 35424K, committed 35496K, reserved 1079296K
  class space    used 4353K, capacity 4718K, committed 4784K, reserved 1048576K
}
Event: 3.531 GC heap before
{Heap before GC invocations=11 (full 2):
 PSYoungGen      total 177664K, used 13300K [0x00000000d6e00000, 0x00000000e7080000, 0x0000000100000000)
  eden space 164352K, 0% used [0x00000000d6e00000,0x00000000d6e00000,0x00000000e0e80000)
  from space 13312K, 99% used [0x00000000e0e80000,0x00000000e1b7d270,0x00000000e1b80000)
  to   space 16384K, 0% used [0x00000000e6080000,0x00000000e6080000,0x00000000e7080000)
 ParOldGen       total 55296K, used 13291K [0x0000000084a00000, 0x0000000088000000, 0x00000000d6e00000)
  object space 55296K, 24% used [0x0000000084a00000,0x00000000856fac10,0x0000000088000000)
 Metaspace       used 33697K, capacity 35424K, committed 35496K, reserved 1079296K
  class space    used 4353K, capacity 4718K, committed 4784K, reserved 1048576K
Event: 3.667 GC heap after
Heap after GC invocations=11 (full 2):
 PSYoungGen      total 177664K, used 0K [0x00000000d6e00000, 0x00000000e7080000, 0x0000000100000000)
  eden space 164352K, 0% used [0x00000000d6e00000,0x00000000d6e00000,0x00000000e0e80000)
  from space 13312K, 0% used [0x00000000e0e80000,0x00000000e0e80000,0x00000000e1b80000)
  to   space 16384K, 0% used [0x00000000e6080000,0x00000000e6080000,0x00000000e7080000)
 ParOldGen       total 89088K, used 20240K [0x0000000084a00000, 0x000000008a100000, 0x00000000d6e00000)
  object space 89088K, 22% used [0x0000000084a00000,0x0000000085dc4028,0x000000008a100000)
 Metaspace       used 33697K, capacity 35424K, committed 35496K, reserved 1079296K
  class space    used 4353K, capacity 4718K, committed 4784K, reserved 1048576K
}
Event: 4.990 GC heap before
{Heap before GC invocations=12 (full 2):
 PSYoungGen      total 177664K, used 164352K [0x00000000d6e00000, 0x00000000e7080000, 0x0000000100000000)
  eden space 164352K, 100% used [0x00000000d6e00000,0x00000000e0e80000,0x00000000e0e80000)
  from space 13312K, 0% used [0x00000000e0e80000,0x00000000e0e80000,0x00000000e1b80000)
  to   space 16384K, 0% used [0x00000000e6080000,0x00000000e6080000,0x00000000e7080000)
 ParOldGen       total 89088K, used 20240K [0x0000000084a00000, 0x000000008a100000, 0x00000000d6e00000)
  object space 89088K, 22% used [0x0000000084a00000,0x0000000085dc4028,0x000000008a100000)
 Metaspace       used 48060K, capacity 50560K, committed 50600K, reserved 1093632K
  class space    used 6632K, capacity 7085K, committed 7088K, reserved 1048576K
Event: 5.007 GC heap after
Heap after GC invocations=12 (full 2):
 PSYoungGen      total 225792K, used 16377K [0x00000000d6e00000, 0x00000000e7080000, 0x0000000100000000)
  eden space 209408K, 0% used [0x00000000d6e00000,0x00000000d6e00000,0x00000000e3a80000)
  from space 16384K, 99% used [0x00000000e6080000,0x00000000e707e530,0x00000000e7080000)
  to   space 19456K, 0% used [0x00000000e4a80000,0x00000000e4a80000,0x00000000e5d80000)
 ParOldGen       total 89088K, used 21838K [0x0000000084a00000, 0x000000008a100000, 0x00000000d6e00000)
  object space 89088K, 24% used [0x0000000084a00000,0x0000000085f53a28,0x000000008a100000)
 Metaspace       used 48060K, capacity 50560K, committed 50600K, reserved 1093632K
  class space    used 6632K, capacity 7085K, committed 7088K, reserved 1048576K
}
Event: 10.309 GC heap before
{Heap before GC invocations=13 (full 2):
 PSYoungGen      total 225792K, used 225785K [0x00000000d6e00000, 0x00000000e7080000, 0x0000000100000000)
  eden space 209408K, 100% used [0x00000000d6e00000,0x00000000e3a80000,0x00000000e3a80000)
  from space 16384K, 99% used [0x00000000e6080000,0x00000000e707e530,0x00000000e7080000)
  to   space 19456K, 0% used [0x00000000e4a80000,0x00000000e4a80000,0x00000000e5d80000)
 ParOldGen       total 89088K, used 21838K [0x0000000084a00000, 0x000000008a100000, 0x00000000d6e00000)
  object space 89088K, 24% used [0x0000000084a00000,0x0000000085f53a28,0x000000008a100000)
 Metaspace       used 51391K, capacity 54414K, committed 54568K, reserved 1095680K
  class space    used 7118K, capacity 7666K, committed 7728K, reserved 1048576K

