# JRE version: OpenJDK Runtime Environment (8.0_212-b03) (build 1.8.0_212-8u212-b03-0ubuntu1.18.04.1-b03)
# Java VM: OpenJDK 64-Bit Server VM (25.212-b03 mixed mode linux-amd64 compressed oops)
Heap:
 PSYoungGen      total 346624K, used 13343K [0x00000000d6e00000, 0x00000000ed200000, 0x0000000100000000)
  eden space 328704K, 0% used [0x00000000d6e00000,0x00000000d6e00000,0x00000000eaf00000)
  from space 17920K, 74% used [0x00000000eaf00000,0x00000000ebc07d08,0x00000000ec080000)
  to   space 17408K, 0% used [0x00000000ec100000,0x00000000ec100000,0x00000000ed200000)
 ParOldGen       total 77312K, used 25424K [0x0000000084a00000, 0x0000000089580000, 0x00000000d6e00000)
  object space 77312K, 32% used [0x0000000084a00000,0x00000000862d4320,0x0000000089580000)
 Metaspace       used 56167K, capacity 59586K, committed 59776K, reserved 1101824K
  class space    used 7708K, capacity 8307K, committed 8320K, reserved 1048576K
GC Heap History (10 events):
Event: 9.079 GC heap after
Heap after GC invocations=11 (full 2):
 PSYoungGen      total 211968K, used 0K [0x00000000d6e00000, 0x00000000ea580000, 0x0000000100000000)
  eden space 198144K, 0% used [0x00000000d6e00000,0x00000000d6e00000,0x00000000e2f80000)
  from space 13824K, 0% used [0x00000000e2f80000,0x00000000e2f80000,0x00000000e3d00000)
  to   space 15872K, 0% used [0x00000000e9600000,0x00000000e9600000,0x00000000ea580000)
 ParOldGen       total 77312K, used 19671K [0x0000000084a00000, 0x0000000089580000, 0x00000000d6e00000)
  object space 77312K, 25% used [0x0000000084a00000,0x0000000085d35d20,0x0000000089580000)
 Metaspace       used 33667K, capacity 35436K, committed 35456K, reserved 1079296K
  class space    used 4346K, capacity 4718K, committed 4736K, reserved 1048576K
}
Event: 12.289 GC heap before
{Heap before GC invocations=12 (full 2):
 PSYoungGen      total 211968K, used 198144K [0x00000000d6e00000, 0x00000000ea580000, 0x0000000100000000)
  eden space 198144K, 100% used [0x00000000d6e00000,0x00000000e2f80000,0x00000000e2f80000)
  from space 13824K, 0% used [0x00000000e2f80000,0x00000000e2f80000,0x00000000e3d00000)
  to   space 15872K, 0% used [0x00000000e9600000,0x00000000e9600000,0x00000000ea580000)
 ParOldGen       total 77312K, used 19671K [0x0000000084a00000, 0x0000000089580000, 0x00000000d6e00000)
  object space 77312K, 25% used [0x0000000084a00000,0x0000000085d35d20,0x0000000089580000)
 Metaspace       used 48717K, capacity 51314K, committed 51584K, reserved 1093632K
  class space    used 6711K, capacity 7190K, committed 7296K, reserved 1048576K
Event: 12.315 GC heap after
Heap after GC invocations=12 (full 2):
 PSYoungGen      total 275456K, used 15863K [0x00000000d6e00000, 0x00000000ea580000, 0x0000000100000000)
  eden space 259584K, 0% used [0x00000000d6e00000,0x00000000d6e00000,0x00000000e6b80000)
  from space 15872K, 99% used [0x00000000e9600000,0x00000000ea57dc30,0x00000000ea580000)
  to   space 19456K, 0% used [0x00000000e7f80000,0x00000000e7f80000,0x00000000e9280000)
 ParOldGen       total 77312K, used 23682K [0x0000000084a00000, 0x0000000089580000, 0x00000000d6e00000)
  object space 77312K, 30% used [0x0000000084a00000,0x0000000086120b38,0x0000000089580000)
 Metaspace       used 48717K, capacity 51314K, committed 51584K, reserved 1093632K
  class space    used 6711K, capacity 7190K, committed 7296K, reserved 1048576K
}
Event: 268.700 GC heap before
{Heap before GC invocations=13 (full 2):
 PSYoungGen      total 275456K, used 275447K [0x00000000d6e00000, 0x00000000ea580000, 0x0000000100000000)
  eden space 259584K, 100% used [0x00000000d6e00000,0x00000000e6b80000,0x00000000e6b80000)
  from space 15872K, 99% used [0x00000000e9600000,0x00000000ea57dc30,0x00000000ea580000)
  to   space 19456K, 0% used [0x00000000e7f80000,0x00000000e7f80000,0x00000000e9280000)
 ParOldGen       total 77312K, used 23682K [0x0000000084a00000, 0x0000000089580000, 0x00000000d6e00000)
  object space 77312K, 30% used [0x0000000084a00000,0x0000000086120b38,0x0000000089580000)
 Metaspace       used 51511K, capacity 54550K, committed 54784K, reserved 1095680K
  class space    used 7126K, capacity 7676K, committed 7680K, reserved 1048576K
Event: 268.759 GC heap after
Heap after GC invocations=13 (full 2):
 PSYoungGen      total 299520K, used 9043K [0x00000000d6e00000, 0x00000000ed300000, 0x0000000100000000)
  eden space 280064K, 0% used [0x00000000d6e00000,0x00000000d6e00000,0x00000000e7f80000)
  from space 19456K, 46% used [0x00000000e7f80000,0x00000000e8854f28,0x00000000e9280000)
  to   space 18432K, 0% used [0x00000000ec100000,0x00000000ec100000,0x00000000ed300000)
 ParOldGen       total 77312K, used 30503K [0x0000000084a00000, 0x0000000089580000, 0x00000000d6e00000)
  object space 77312K, 39% used [0x0000000084a00000,0x00000000867c9ca8,0x0000000089580000)
 Metaspace       used 51511K, capacity 54550K, committed 54784K, reserved 1095680K
  class space    used 7126K, capacity 7676K, committed 7680K, reserved 1048576K
}
Event: 278.708 GC heap before
{Heap before GC invocations=14 (full 2):
 PSYoungGen      total 299520K, used 25948K [0x00000000d6e00000, 0x00000000ed300000, 0x0000000100000000)
  eden space 280064K, 6% used [0x00000000d6e00000,0x00000000d7e823e0,0x00000000e7f80000)
  from space 19456K, 46% used [0x00000000e7f80000,0x00000000e8854f28,0x00000000e9280000)
  to   space 18432K, 0% used [0x00000000ec100000,0x00000000ec100000,0x00000000ed300000)
 ParOldGen       total 77312K, used 30503K [0x0000000084a00000, 0x0000000089580000, 0x00000000d6e00000)
  object space 77312K, 39% used [0x0000000084a00000,0x00000000867c9ca8,0x0000000089580000)
 Metaspace       used 51662K, capacity 54738K, committed 54912K, reserved 1095680K
  class space    used 7147K, capacity 7689K, committed 7808K, reserved 1048576K
Event: 278.739 GC heap after
Heap after GC invocations=14 (full 2):
 PSYoungGen      total 346112K, used 6678K [0x00000000d6e00000, 0x00000000ed200000, 0x0000000100000000)
  eden space 328704K, 0% used [0x00000000d6e00000,0x00000000d6e00000,0x00000000eaf00000)
  from space 17408K, 38% used [0x00000000ec100000,0x00000000ec785868,0x00000000ed200000)
  to   space 17920K, 0% used [0x00000000eaf00000,0x00000000eaf00000,0x00000000ec080000)
 ParOldGen       total 77312K, used 30511K [0x0000000084a00000, 0x0000000089580000, 0x00000000d6e00000)
  object space 77312K, 39% used [0x0000000084a00000,0x00000000867cbca8,0x0000000089580000)
 Metaspace       used 51662K, capacity 54738K, committed 54912K, reserved 1095680K
  class space    used 7147K, capacity 7689K, committed 7808K, reserved 1048576K
}
Event: 278.740 GC heap before
{Heap before GC invocations=15 (full 3):
 PSYoungGen      total 346112K, used 6678K [0x00000000d6e00000, 0x00000000ed200000, 0x0000000100000000)
  eden space 328704K, 0% used [0x00000000d6e00000,0x00000000d6e00000,0x00000000eaf00000)
  from space 17408K, 38% used [0x00000000ec100000,0x00000000ec785868,0x00000000ed200000)
  to   space 17920K, 0% used [0x00000000eaf00000,0x00000000eaf00000,0x00000000ec080000)
 ParOldGen       total 77312K, used 30511K [0x0000000084a00000, 0x0000000089580000, 0x00000000d6e00000)
  object space 77312K, 39% used [0x0000000084a00000,0x00000000867cbca8,0x0000000089580000)
 Metaspace       used 51662K, capacity 54738K, committed 54912K, reserved 1095680K
  class space    used 7147K, capacity 7689K, committed 7808K, reserved 1048576K
Event: 279.355 GC heap after
Heap after GC invocations=15 (full 3):
 PSYoungGen      total 346112K, used 0K [0x00000000d6e00000, 0x00000000ed200000, 0x0000000100000000)
  eden space 328704K, 0% used [0x00000000d6e00000,0x00000000d6e00000,0x00000000eaf00000)
  from space 17408K, 0% used [0x00000000ec100000,0x00000000ec100000,0x00000000ed200000)
  to   space 17920K, 0% used [0x00000000eaf00000,0x00000000eaf00000,0x00000000ec080000)
 ParOldGen       total 77312K, used 25416K [0x0000000084a00000, 0x0000000089580000, 0x00000000d6e00000)
  object space 77312K, 32% used [0x0000000084a00000,0x00000000862d2320,0x0000000089580000)
 Metaspace       used 51662K, capacity 54738K, committed 54912K, reserved 1095680K
  class space    used 7147K, capacity 7689K, committed 7808K, reserved 1048576K
}
Event: 658.164 GC heap before
{Heap before GC invocations=16 (full 3):
 PSYoungGen      total 346112K, used 328704K [0x00000000d6e00000, 0x00000000ed200000, 0x0000000100000000)
  eden space 328704K, 100% used [0x00000000d6e00000,0x00000000eaf00000,0x00000000eaf00000)
  from space 17408K, 0% used [0x00000000ec100000,0x00000000ec100000,0x00000000ed200000)
  to   space 17920K, 0% used [0x00000000eaf00000,0x00000000eaf00000,0x00000000ec080000)
 ParOldGen       total 77312K, used 25416K [0x0000000084a00000, 0x0000000089580000, 0x00000000d6e00000)
  object space 77312K, 32% used [0x0000000084a00000,0x00000000862d2320,0x0000000089580000)
 Metaspace       used 56167K, capacity 59586K, committed 59776K, reserved 1101824K
  class space    used 7708K, capacity 8307K, committed 8320K, reserved 1048576K

